11, 07, 2021 (16:55:42): Opening rpy file C:\Program Files (x86)\IBM\Rational\Rhapsody Modeler\7.5\Share\Properties\PredefinedTypes.sbs
11, 07, 2021 (16:55:42): 
 Started loading C:\Program Files (x86)\IBM\Rational\Rhapsody Modeler\7.5\Share\Properties\PredefinedTypes.sbs on Sunday, November 07, 2021 (16:55:42).-

11, 07, 2021 (16:55:42): 

Starting inUnit resolution phase


11, 07, 2021 (16:55:42): 

Finished inUnit resolution phase


11, 07, 2021 (16:55:42): 
 Finished loading C:\Program Files (x86)\IBM\Rational\Rhapsody Modeler\7.5\Share\Properties\PredefinedTypes.sbs on Sunday, November 07, 2021 (16:55:42).-

11, 07, 2021 (16:55:42): Opening rpy file C:\Program Files (x86)\IBM\Rational\Rhapsody Modeler\7.5\Share\Properties\PredefinedTypesC++.sbs
11, 07, 2021 (16:55:42): 
 Started loading C:\Program Files (x86)\IBM\Rational\Rhapsody Modeler\7.5\Share\Properties\PredefinedTypesC++.sbs on Sunday, November 07, 2021 (16:55:42).-

11, 07, 2021 (16:55:42): 

Starting inUnit resolution phase


11, 07, 2021 (16:55:42): 

Finished inUnit resolution phase


11, 07, 2021 (16:55:42): 
 Finished loading C:\Program Files (x86)\IBM\Rational\Rhapsody Modeler\7.5\Share\Properties\PredefinedTypesC++.sbs on Sunday, November 07, 2021 (16:55:42).-

11, 07, 2021 (16:55:42): Opening rpy file C:\Users\Micah\Desktop\CSC440GroupProject\Models\Project\Project.rpy
11, 07, 2021 (16:55:42): 
 Started loading C:\Users\Micah\Desktop\CSC440GroupProject\Models\Project\Project.rpy on Sunday, November 07, 2021 (16:55:42).-

11, 07, 2021 (16:55:42): Opening rpy file C:\Users\Micah\Desktop\CSC440GroupProject\Models\Project\Project_rpy\Default.sbs
11, 07, 2021 (16:55:42): 
 Started loading C:\Users\Micah\Desktop\CSC440GroupProject\Models\Project\Project_rpy\Default.sbs on Sunday, November 07, 2021 (16:55:42).-

11, 07, 2021 (16:55:42): 

Starting inUnit resolution phase


11, 07, 2021 (16:55:42): 

Finished inUnit resolution phase


11, 07, 2021 (16:55:42): 
 Finished loading C:\Users\Micah\Desktop\CSC440GroupProject\Models\Project\Project_rpy\Default.sbs on Sunday, November 07, 2021 (16:55:42).-

11, 07, 2021 (16:55:42): Opening rpy file C:\Users\Micah\Desktop\CSC440GroupProject\Models\Project\Project_rpy\DefaultComponent.cmp
11, 07, 2021 (16:55:42): 
 Started loading C:\Users\Micah\Desktop\CSC440GroupProject\Models\Project\Project_rpy\DefaultComponent.cmp on Sunday, November 07, 2021 (16:55:42).-

11, 07, 2021 (16:55:42): 

Starting inUnit resolution phase


11, 07, 2021 (16:55:42): 

Finished inUnit resolution phase


11, 07, 2021 (16:55:42): 
 Finished loading C:\Users\Micah\Desktop\CSC440GroupProject\Models\Project\Project_rpy\DefaultComponent.cmp on Sunday, November 07, 2021 (16:55:42).-

11, 07, 2021 (16:55:42): 

Starting inUnit resolution phase


11, 07, 2021 (16:55:42): 

Finished inUnit resolution phase


11, 07, 2021 (16:55:42): 

Starting inUnit resolution phase


11, 07, 2021 (16:55:42): 

Finished inUnit resolution phase


11, 07, 2021 (16:55:42): 

Starting inUnit resolution phase


11, 07, 2021 (16:55:42): 

Finished inUnit resolution phase


11, 07, 2021 (16:55:42): 
 Finished loading C:\Users\Micah\Desktop\CSC440GroupProject\Models\Project\Project.rpy on Sunday, November 07, 2021 (16:55:42).-

11, 07, 2021 (16:55:42): Starting checks of EventsBaseID conflicts
11, 07, 2021 (16:55:42): Finished checks of EventsBaseID conflicts
11, 07, 2021 (16:55:42): End Log
