09, 06, 2021 (23:04:20): Starting Pre-Save actions

09, 06, 2021 (23:04:20): Starting Dialogs Check/Save
09, 06, 2021 (23:04:20): Finished Dialogs Check/Save
09, 06, 2021 (23:04:20): Starting Controlled Files Resolution
09, 06, 2021 (23:04:20): Finished Controlled Files Resolution
09, 06, 2021 (23:04:20): Finished Pre-Save actions

09, 06, 2021 (23:04:20): Creating C:\Users\Micah\Desktop\CSC440GroupProject\Models\Project\Project.rpy
09, 06, 2021 (23:04:20): 
Started writing C:\Users\Micah\Desktop\CSC440GroupProject\Models\Project\Project.rpy on Monday, September 06, 2021 (23:04:20)

09, 06, 2021 (23:04:20): version 8.5.2
09, 06, 2021 (23:04:20): 
Started writing C:\Users\Micah\Desktop\CSC440GroupProject\Models\Project\Project_rpy\filesTable.dat on Monday, September 06, 2021 (23:04:20)

09, 06, 2021 (23:04:20): Finished writing C:\Users\Micah\Desktop\CSC440GroupProject\Models\Project\Project_rpy\filesTable.dat on Monday, September 06, 2021 (23:04:20)

09, 06, 2021 (23:04:20): Creating C:\Users\Micah\Desktop\CSC440GroupProject\Models\Project\Project_rpy\Default.sbs
09, 06, 2021 (23:04:20): 
Started writing C:\Users\Micah\Desktop\CSC440GroupProject\Models\Project\Project_rpy\Default.sbs on Monday, September 06, 2021 (23:04:20)

09, 06, 2021 (23:04:20): version 8.5.2
09, 06, 2021 (23:04:20): Finished writing C:\Users\Micah\Desktop\CSC440GroupProject\Models\Project\Project_rpy\Default.sbs on Monday, September 06, 2021 (23:04:20)

09, 06, 2021 (23:04:20): Finished writing C:\Users\Micah\Desktop\CSC440GroupProject\Models\Project\Project.rpy on Monday, September 06, 2021 (23:04:20)

09, 06, 2021 (23:04:20): End Log
